Using pre-set license
Built from '2020.3/release' branch; Version is '2020.3.15f2 (6cf78cb77498) revision 7141260'; Using compiler version '192528614'; Build Type 'Release'
OS: 'Windows 10 Enterprise; OS build 18363.1916; Version 1909; 64bit' Language: 'en' Physical Memory: 32679 MB
BatchMode: 1, IsHumanControllingUs: 0, StartBugReporterOnCrash: 0, Is64bit: 1, IsPro: 0

 COMMAND LINE ARGUMENTS:
C:\Program Files\Unity\Hub\Editor\2020.3.15f2\Editor\Unity.exe
-adb2
-batchMode
-noUpm
-name
AssetImportWorker0
-projectPath
G:/_MixYspt/Year 3 Term 1/Advanced Game Development/Exterior/Exterior_Branch
-logFile
Logs/AssetImportWorker0.log
-srvPort
58534
Successfully changed project path to: G:/_MixYspt/Year 3 Term 1/Advanced Game Development/Exterior/Exterior_Branch
G:/_MixYspt/Year 3 Term 1/Advanced Game Development/Exterior/Exterior_Branch
Using Asset Import Pipeline V2.
Refreshing native plugins compatible for Editor in 43.06 ms, found 0 plugins.
Preloading 0 native plugins for Editor in 0.00 ms.
Initialize engine version: 2020.3.15f2 (6cf78cb77498)
[Subsystems] Discovering subsystems at path C:/Program Files/Unity/Hub/Editor/2020.3.15f2/Editor/Data/Resources/UnitySubsystems
[Subsystems] Discovering subsystems at path G:/_MixYspt/Year 3 Term 1/Advanced Game Development/Exterior/Exterior_Branch/Assets
GfxDevice: creating device client; threaded=0
Direct3D:
    Version:  Direct3D 11.0 [level 11.1]
    Renderer: NVIDIA GeForce GTX 1080 Ti (ID=0x1b06)
    Vendor:   
    VRAM:     11127 MB
    Driver:   30.0.14.9709
Initialize mono
Mono path[0] = 'C:/Program Files/Unity/Hub/Editor/2020.3.15f2/Editor/Data/Managed'
Mono path[1] = 'C:/Program Files/Unity/Hub/Editor/2020.3.15f2/Editor/Data/MonoBleedingEdge/lib/mono/unityjit'
Mono config path = 'C:/Program Files/Unity/Hub/Editor/2020.3.15f2/Editor/Data/MonoBleedingEdge/etc'
Using monoOptions --debugger-agent=transport=dt_socket,embedding=1,server=y,suspend=n,address=127.0.0.1:56720
Begin MonoManager ReloadAssembly
Registering precompiled unity dll's ...
Register platform support module: C:/Program Files/Unity/Hub/Editor/2020.3.15f2/Editor/Data/PlaybackEngines/WindowsStandaloneSupport/UnityEditor.WindowsStandalone.Extensions.dll
Registered in 0.002943 seconds.
Native extension for WindowsStandalone target not found
Refreshing native plugins compatible for Editor in 40.20 ms, found 0 plugins.
Preloading 0 native plugins for Editor in 0.00 ms.
Mono: successfully reloaded assembly
- Completed reload, in  2.774 seconds
Domain Reload Profiling:
	ReloadAssembly (2775ms)
		BeginReloadAssembly (90ms)
			ExecutionOrderSort (0ms)
			DisableScriptedObjects (0ms)
			BackupInstance (0ms)
			ReleaseScriptingObjects (0ms)
			CreateAndSetChildDomain (1ms)
		EndReloadAssembly (615ms)
			LoadAssemblies (86ms)
			RebuildTransferFunctionScriptingTraits (0ms)
			SetupTypeCache (241ms)
			ReleaseScriptCaches (0ms)
			RebuildScriptCaches (44ms)
			SetupLoadedEditorAssemblies (215ms)
				LogAssemblyErrors (0ms)
				InitializePlatformSupportModulesInManaged (5ms)
				SetLoadedEditorAssemblies (0ms)
				RefreshPlugins (40ms)
				BeforeProcessingInitializeOnLoad (19ms)
				ProcessInitializeOnLoadAttributes (111ms)
				ProcessInitializeOnLoadMethodAttributes (39ms)
				AfterProcessingInitializeOnLoad (0ms)
				EditorAssembliesLoaded (0ms)
			ExecutionOrderSort2 (0ms)
			AwakeInstancesAfterBackupRestoration (0ms)
Platform modules already initialized, skipping
Registering precompiled user dll's ...
Registered in 0.003558 seconds.
Begin MonoManager ReloadAssembly
Native extension for WindowsStandalone target not found
Refreshing native plugins compatible for Editor in 0.80 ms, found 0 plugins.
Preloading 0 native plugins for Editor in 0.00 ms.
Mono: successfully reloaded assembly
- Completed reload, in  1.099 seconds
Domain Reload Profiling:
	ReloadAssembly (1099ms)
		BeginReloadAssembly (223ms)
			ExecutionOrderSort (0ms)
			DisableScriptedObjects (7ms)
			BackupInstance (0ms)
			ReleaseScriptingObjects (0ms)
			CreateAndSetChildDomain (40ms)
		EndReloadAssembly (785ms)
			LoadAssemblies (64ms)
			RebuildTransferFunctionScriptingTraits (0ms)
			SetupTypeCache (213ms)
			ReleaseScriptCaches (1ms)
			RebuildScriptCaches (48ms)
			SetupLoadedEditorAssemblies (312ms)
				LogAssemblyErrors (0ms)
				InitializePlatformSupportModulesInManaged (8ms)
				SetLoadedEditorAssemblies (1ms)
				RefreshPlugins (1ms)
				BeforeProcessingInitializeOnLoad (151ms)
				ProcessInitializeOnLoadAttributes (135ms)
				ProcessInitializeOnLoadMethodAttributes (5ms)
				AfterProcessingInitializeOnLoad (10ms)
				EditorAssembliesLoaded (0ms)
			ExecutionOrderSort2 (0ms)
			AwakeInstancesAfterBackupRestoration (11ms)
Platform modules already initialized, skipping
========================================================================
Worker process is ready to serve import requests
Launched and connected shader compiler UnityShaderCompiler.exe after 0.11 seconds
Refreshing native plugins compatible for Editor in 0.76 ms, found 0 plugins.
Preloading 0 native plugins for Editor in 0.00 ms.
Unloading 6 Unused Serialized files (Serialized files now loaded: 0)
System memory in use before: 26.3 MB.
System memory in use after: 26.3 MB.

Unloading 2 unused Assets to reduce memory usage. Loaded Objects now: 446.
Total: 1.853600 ms (FindLiveObjects: 0.054100 ms CreateObjectMapping: 0.006200 ms MarkObjects: 1.717500 ms  DeleteObjects: 0.074800 ms)

AssetImportParameters requested are different than current active one (requested -> active):
  custom:framework-win-MediaFoundation: 216162199b28c13a410421893ffa2e32 -> 
  custom:video-decoder-ogg-theora: a1e56fd34408186e4bbccfd4996cb3dc -> 
  custom:container-muxer-webm: aa71ff27fc2769a1b78a27578f13a17b -> 
  custom:container-demuxer-webm: 4f35f7cbe854078d1ac9338744f61a02 -> 
  custom:container-demuxer-ogg: 62fdf1f143b41e24485cea50d1cbac27 -> 
  custom:video-encoder-webm-vp8: eb34c28f22e8b96e1ab97ce403110664 -> 
  custom:video-decoder-webm-vp8: 9c59270c3fd7afecdb556c50c9e8de78 -> 
  custom:audio-decoder-ogg-vorbis: bf7c407c2cedff20999df2af8eb42d56 -> 
  custom:audio-encoder-webm-vorbis: bf7c407c2cedff20999df2af8eb42d56 -> 
========================================================================
Received Import Request.
  path: Assets/Model_Textures/Texture/Lamp/Lamp2_Lamp2_MaskMap.png
  artifactKey: Guid(a569b6420919b8447be307eef4ff3b8d) Importer(815301076,1909f56bfc062723c751e8b465ee728b)
Start importing Assets/Model_Textures/Texture/Lamp/Lamp2_Lamp2_MaskMap.png using Guid(a569b6420919b8447be307eef4ff3b8d) Importer(815301076,1909f56bfc062723c751e8b465ee728b)  -> (artifact id: '907fdfd066fd6016301a8d1c1acc7393') in 0.086984 seconds 
  Import took 0.087791 seconds .

========================================================================
Received Import Request.
  Time since last request: 0.000227 seconds.
  path: Assets/Model_Textures/Texture/Lamp/Lamp_Lamp1_Normal.png
  artifactKey: Guid(d3802e8eca8e14448b147a665af45565) Importer(815301076,1909f56bfc062723c751e8b465ee728b)
Start importing Assets/Model_Textures/Texture/Lamp/Lamp_Lamp1_Normal.png using Guid(d3802e8eca8e14448b147a665af45565) Importer(815301076,1909f56bfc062723c751e8b465ee728b)  -> (artifact id: '5c6a9aef189597426e44993a0ce1e163') in 0.049197 seconds 
  Import took 0.049928 seconds .

========================================================================
Received Import Request.
  Time since last request: 0.000216 seconds.
  path: Assets/Model_Textures/Texture/Lamp/Lamp_Lamp1_MaskMap.png
  artifactKey: Guid(5c480098cc4cc594cb611ba9323c1c08) Importer(815301076,1909f56bfc062723c751e8b465ee728b)
Start importing Assets/Model_Textures/Texture/Lamp/Lamp_Lamp1_MaskMap.png using Guid(5c480098cc4cc594cb611ba9323c1c08) Importer(815301076,1909f56bfc062723c751e8b465ee728b)  -> (artifact id: '1882b08db1a6d7877649f296611a24a5') in 0.028535 seconds 
  Import took 0.029324 seconds .

========================================================================
Received Import Request.
  Time since last request: 0.000267 seconds.
  path: Assets/Model_Textures/Texture/Lamp/Lamp2_Lamp2_BaseMap.png
  artifactKey: Guid(faec5ca598f4c8d499f0314d6f37d244) Importer(815301076,1909f56bfc062723c751e8b465ee728b)
Start importing Assets/Model_Textures/Texture/Lamp/Lamp2_Lamp2_BaseMap.png using Guid(faec5ca598f4c8d499f0314d6f37d244) Importer(815301076,1909f56bfc062723c751e8b465ee728b)  -> (artifact id: 'b3a460760c3b33fea874b57b88021948') in 0.012155 seconds 
  Import took 0.012836 seconds .

========================================================================
Received Import Request.
  Time since last request: 0.000204 seconds.
  path: Assets/Model_Textures/Texture/Lamp/Lamp2_Lamp2_Normal.png
  artifactKey: Guid(f353878afebcc8c438349cb5551fca98) Importer(815301076,1909f56bfc062723c751e8b465ee728b)
Start importing Assets/Model_Textures/Texture/Lamp/Lamp2_Lamp2_Normal.png using Guid(f353878afebcc8c438349cb5551fca98) Importer(815301076,1909f56bfc062723c751e8b465ee728b)  -> (artifact id: '85cc2b428e16d4865aa94311b2e5b075') in 0.013797 seconds 
  Import took 0.014519 seconds .

========================================================================
Received Import Request.
  Time since last request: 0.000198 seconds.
  path: Assets/Model_Textures/Texture/Lamp/Lamp_Lamp1_BaseMap.png
  artifactKey: Guid(657f177c35b47b341afa8bf2a0d30ce4) Importer(815301076,1909f56bfc062723c751e8b465ee728b)
Start importing Assets/Model_Textures/Texture/Lamp/Lamp_Lamp1_BaseMap.png using Guid(657f177c35b47b341afa8bf2a0d30ce4) Importer(815301076,1909f56bfc062723c751e8b465ee728b)  -> (artifact id: 'd065cdae431cfab9313ef946de426d77') in 0.012101 seconds 
  Import took 0.012815 seconds .

AssetImportWorkerClient::OnTransportError - code=2 error=End of file
